# JRE version: Java(TM) SE Runtime Environment (8.0_131-b11) (build 1.8.0_131-b11)
# Java VM: Java HotSpot(TM) Client VM (25.131-b11 mixed mode windows-x86 )
Heap:
 def new generation   total 26432K, used 23552K [0x03a00000, 0x056a0000, 0x18f50000)
  eden space 23552K, 100% used [0x03a00000, 0x05100000, 0x05100000)
  from space 2880K,   0% used [0x05100000, 0x05100000, 0x053d0000)
  to   space 2880K,   2% used [0x053d0000, 0x053e4f08, 0x056a0000)
 tenured generation   total 58496K, used 35095K [0x18f50000, 0x1c870000, 0x43a00000)
   the space 58496K,  59% used [0x18f50000, 0x1b195ff0, 0x1b196000, 0x1c870000)
 Metaspace       used 32102K, capacity 33233K, committed 33280K, reserved 34176K
GC Heap History (10 events):
Event: 44.471 GC heap after
Heap after GC invocations=104 (full 4):
 def new generation   total 15488K, used 1537K [0x03a00000, 0x04ac0000, 0x18f50000)
  eden space 13824K,   0% used [0x03a00000, 0x03a00000, 0x04780000)
  from space 1664K,  92% used [0x04920000, 0x04aa07c8, 0x04ac0000)
  to   space 1664K,   0% used [0x04780000, 0x04780000, 0x04920000)
 tenured generation   total 34200K, used 28950K [0x18f50000, 0x1b0b6000, 0x43a00000)
   the space 34200K,  84% used [0x18f50000, 0x1ab95b08, 0x1ab95c00, 0x1b0b6000)
 Metaspace       used 30247K, capacity 31179K, committed 31232K, reserved 32128K
}
Event: 44.617 GC heap before
{Heap before GC invocations=104 (full 4):
 def new generation   total 15488K, used 15361K [0x03a00000, 0x04ac0000, 0x18f50000)
  eden space 13824K, 100% used [0x03a00000, 0x04780000, 0x04780000)
  from space 1664K,  92% used [0x04920000, 0x04aa07c8, 0x04ac0000)
  to   space 1664K,   0% used [0x04780000, 0x04780000, 0x04920000)
 tenured generation   total 34200K, used 28950K [0x18f50000, 0x1b0b6000, 0x43a00000)
   the space 34200K,  84% used [0x18f50000, 0x1ab95b08, 0x1ab95c00, 0x1b0b6000)
 Metaspace       used 30282K, capacity 31249K, committed 31360K, reserved 32128K
Event: 44.634 GC heap after
Heap after GC invocations=105 (full 4):
 def new generation   total 15488K, used 1215K [0x03a00000, 0x04ac0000, 0x18f50000)
  eden space 13824K,   0% used [0x03a00000, 0x03a00000, 0x04780000)
  from space 1664K,  73% used [0x04780000, 0x048afd78, 0x04920000)
  to   space 1664K,   0% used [0x04920000, 0x04920000, 0x04ac0000)
 tenured generation   total 34200K, used 30413K [0x18f50000, 0x1b0b6000, 0x43a00000)
   the space 34200K,  88% used [0x18f50000, 0x1ad03790, 0x1ad03800, 0x1b0b6000)
 Metaspace       used 30282K, capacity 31249K, committed 31360K, reserved 32128K
}
Event: 44.784 GC heap before
{Heap before GC invocations=105 (full 4):
 def new generation   total 15488K, used 15039K [0x03a00000, 0x04ac0000, 0x18f50000)
  eden space 13824K, 100% used [0x03a00000, 0x04780000, 0x04780000)
  from space 1664K,  73% used [0x04780000, 0x048afd78, 0x04920000)
  to   space 1664K,   0% used [0x04920000, 0x04920000, 0x04ac0000)
 tenured generation   total 34200K, used 30413K [0x18f50000, 0x1b0b6000, 0x43a00000)
   the space 34200K,  88% used [0x18f50000, 0x1ad03790, 0x1ad03800, 0x1b0b6000)
 Metaspace       used 30286K, capacity 31249K, committed 31360K, reserved 32128K
Event: 44.802 GC heap after
Heap after GC invocations=106 (full 4):
 def new generation   total 15488K, used 1446K [0x03a00000, 0x04ac0000, 0x18f50000)
  eden space 13824K,   0% used [0x03a00000, 0x03a00000, 0x04780000)
  from space 1664K,  86% used [0x04920000, 0x04a89a60, 0x04ac0000)
  to   space 1664K,   0% used [0x04780000, 0x04780000, 0x04920000)
 tenured generation   total 34200K, used 31615K [0x18f50000, 0x1b0b6000, 0x43a00000)
   the space 34200K,  92% used [0x18f50000, 0x1ae2fcc0, 0x1ae2fe00, 0x1b0b6000)
 Metaspace       used 30286K, capacity 31249K, committed 31360K, reserved 32128K
}
Event: 44.982 GC heap before
{Heap before GC invocations=106 (full 4):
 def new generation   total 15488K, used 15270K [0x03a00000, 0x04ac0000, 0x18f50000)
  eden space 13824K, 100% used [0x03a00000, 0x04780000, 0x04780000)
  from space 1664K,  86% used [0x04920000, 0x04a89a60, 0x04ac0000)
  to   space 1664K,   0% used [0x04780000, 0x04780000, 0x04920000)
 tenured generation   total 34200K, used 31615K [0x18f50000, 0x1b0b6000, 0x43a00000)
   the space 34200K,  92% used [0x18f50000, 0x1ae2fcc0, 0x1ae2fe00, 0x1b0b6000)
 Metaspace       used 30311K, capacity 31293K, committed 31360K, reserved 32128K
Event: 45.004 GC heap after
Heap after GC invocations=107 (full 4):
 def new generation   total 15488K, used 1663K [0x03a00000, 0x04ac0000, 0x18f50000)
  eden space 13824K,   0% used [0x03a00000, 0x03a00000, 0x04780000)
  from space 1664K,  99% used [0x04780000, 0x0491fff8, 0x04920000)
  to   space 1664K,   0% used [0x04920000, 0x04920000, 0x04ac0000)
 tenured generation   total 34200K, used 33121K [0x18f50000, 0x1b0b6000, 0x43a00000)
   the space 34200K,  96% used [0x18f50000, 0x1afa86f8, 0x1afa8800, 0x1b0b6000)
 Metaspace       used 30311K, capacity 31293K, committed 31360K, reserved 32128K
}
Event: 45.703 GC heap before
{Heap before GC invocations=107 (full 4):
 def new generation   total 15488K, used 15463K [0x03a00000, 0x04ac0000, 0x18f50000)
  eden space 13824K,  99% used [0x03a00000, 0x04779dd8, 0x04780000)
  from space 1664K,  99% used [0x04780000, 0x0491fff8, 0x04920000)
  to   space 1664K,   0% used [0x04920000, 0x04920000, 0x04ac0000)
 tenured generation   total 34200K, used 33121K [0x18f50000, 0x1b0b6000, 0x43a00000)
   the space 34200K,  96% used [0x18f50000, 0x1afa86f8, 0x1afa8800, 0x1b0b6000)
 Metaspace       used 30918K, capacity 32010K, committed 32128K, reserved 32128K
Event: 46.084 GC heap after
Heap after GC invocations=108 (full 5):
 def new generation   total 26432K, used 1142K [0x03a00000, 0x056a0000, 0x18f50000)
  eden space 23552K,   4% used [0x03a00000, 0x03b1db20, 0x05100000)
  from space 2880K,   0% used [0x05100000, 0x05100000, 0x053d0000)
  to   space 2880K,   0% used [0x053d0000, 0x053d0000, 0x056a0000)
 tenured generation   total 58496K, used 35095K [0x18f50000, 0x1c870000, 0x43a00000)
   the space 58496K,  59% used [0x18f50000, 0x1b195ff0, 0x1b196000, 0x1c870000)
 Metaspace       used 30918K, capacity 32010K, committed 32128K, reserved 32128K
}
Event: 53.174 GC heap before
{Heap before GC invocations=108 (full 5):
 def new generation   total 26432K, used 23552K [0x03a00000, 0x056a0000, 0x18f50000)
  eden space 23552K, 100% used [0x03a00000, 0x05100000, 0x05100000)
  from space 2880K,   0% used [0x05100000, 0x05100000, 0x053d0000)
  to   space 2880K,   0% used [0x053d0000, 0x053d0000, 0x056a0000)
 tenured generation   total 58496K, used 35095K [0x18f50000, 0x1c870000, 0x43a00000)
   the space 58496K,  59% used [0x18f50000, 0x1b195ff0, 0x1b196000, 0x1c870000)
 Metaspace       used 32102K, capacity 33233K, committed 33280K, reserved 34176K

